<?xml version="1.0" encoding="UTF-8"?>
<robot generator="Robot 5.0.1 (Python 3.11.3 on win32)" generated="20230604 20:27:29.605" rpa="false" schemaversion="3">
<suite id="s1" name="Preenchimento Incorreto" source="C:\Users\chris\source\repos\Portfolio\ROBOT\robot-framework-organo-main_testes\preenchimento_incorreto.robot">
<test id="s1-t1" name="Verificar se quando um campo obrigatorio não for preenchido corretamente o sistema exibe uma mensagem de campo obrigatório" line="11">
<kw name="Dado que eu acesse o Organo" library="setup_teardown" type="SETUP">
<kw name="Open Browser" library="SeleniumLibrary">
<arg>url=http://localhost:3000/</arg>
<arg>browser=Chrome</arg>
<doc>Opens a new browser instance to the optional ``url``.</doc>
<msg timestamp="20230604 20:27:30.297" level="INFO">Opening browser 'Chrome' to base url 'http://localhost:3000/'.</msg>
<msg timestamp="20230604 20:27:30.344" level="INFO">Applicable driver not found; attempting to install with Selenium Manager (Beta)</msg>
<status status="PASS" starttime="20230604 20:27:30.297" endtime="20230604 20:27:33.416"/>
</kw>
<status status="PASS" starttime="20230604 20:27:30.296" endtime="20230604 20:27:33.417"/>
</kw>
<kw name="Dado que eu clique no botão criar card">
<kw name="Click Element" library="SeleniumLibrary">
<arg>${CAMPO_CARD}</arg>
<doc>Click the element identified by ``locator``.</doc>
<msg timestamp="20230604 20:27:33.419" level="INFO">Clicking element 'id:form-botao'.</msg>
<status status="PASS" starttime="20230604 20:27:33.418" endtime="20230604 20:27:33.581"/>
</kw>
<status status="PASS" starttime="20230604 20:27:33.418" endtime="20230604 20:27:33.581"/>
</kw>
<kw name="Então sistema deve apresentar mensagem de campo obrigatorio">
<kw name="Element Should Be Visible" library="SeleniumLibrary">
<arg>id:form-nome-erro</arg>
<doc>Verifies that the element identified by ``locator`` is visible.</doc>
<msg timestamp="20230604 20:27:33.666" level="INFO">Element 'id:form-nome-erro' is displayed.</msg>
<status status="PASS" starttime="20230604 20:27:33.582" endtime="20230604 20:27:33.666"/>
</kw>
<kw name="Element Should Be Visible" library="SeleniumLibrary">
<arg>id:form-cargo-erro</arg>
<doc>Verifies that the element identified by ``locator`` is visible.</doc>
<msg timestamp="20230604 20:27:33.722" level="INFO">Element 'id:form-cargo-erro' is displayed.</msg>
<status status="PASS" starttime="20230604 20:27:33.666" endtime="20230604 20:27:33.723"/>
</kw>
<kw name="Element Should Be Visible" library="SeleniumLibrary">
<arg>id:form-times-erro</arg>
<doc>Verifies that the element identified by ``locator`` is visible.</doc>
<msg timestamp="20230604 20:27:33.781" level="INFO">Element 'id:form-times-erro' is displayed.</msg>
<status status="PASS" starttime="20230604 20:27:33.723" endtime="20230604 20:27:33.781"/>
</kw>
<status status="PASS" starttime="20230604 20:27:33.582" endtime="20230604 20:27:33.782"/>
</kw>
<kw name="Fechar o navegador" library="setup_teardown" type="TEARDOWN">
<kw name="Close Browser" library="SeleniumLibrary">
<doc>Closes the current browser.</doc>
<status status="PASS" starttime="20230604 20:27:33.783" endtime="20230604 20:27:36.271"/>
</kw>
<status status="PASS" starttime="20230604 20:27:33.783" endtime="20230604 20:27:36.272"/>
</kw>
<status status="PASS" starttime="20230604 20:27:30.293" endtime="20230604 20:27:36.272"/>
</test>
<status status="PASS" starttime="20230604 20:27:29.611" endtime="20230604 20:27:36.275"/>
</suite>
<statistics>
<total>
<stat pass="1" fail="0" skip="0">All Tests</stat>
</total>
<tag>
</tag>
<suite>
<stat pass="1" fail="0" skip="0" id="s1" name="Preenchimento Incorreto">Preenchimento Incorreto</stat>
</suite>
</statistics>
<errors>
</errors>
</robot>
