<?xml version="1.0" encoding="UTF-8"?>
<robot generator="Robot 5.0.1 (Python 3.9.13 on win32)" generated="20230605 16:08:59.193" rpa="false" schemaversion="3">
<suite id="s1" name="Preenchimento Correto" source="c:\Users\chris\source\repos\Portfolio\ROBOT\robot-framework-organo-main_testes\preenchimento_correto.robot">
<test id="s1-t1" name="Verificar se é possível criar mais de um card se preenchermos os campos corretamente" line="31">
<kw name="Dado que eu acesse o Organo" library="setup_teardown" type="SETUP">
<kw name="Open Browser" library="SeleniumLibrary">
<arg>url=http://localhost:3000/</arg>
<arg>browser=Chrome</arg>
<doc>Opens a new browser instance to the optional ``url``.</doc>
<msg timestamp="20230605 16:08:59.757" level="INFO">Opening browser 'Chrome' to base url 'http://localhost:3000/'.</msg>
<msg timestamp="20230605 16:08:59.789" level="INFO">Applicable driver not found; attempting to install with Selenium Manager (Beta)</msg>
<status status="PASS" starttime="20230605 16:08:59.757" endtime="20230605 16:09:01.927"/>
</kw>
<status status="PASS" starttime="20230605 16:08:59.756" endtime="20230605 16:09:01.927"/>
</kw>
<kw name="Dado que preencha os campos do formulario">
<kw name="Input Text" library="SeleniumLibrary">
<arg>${CAMPO_NOME}</arg>
<arg>Tiago</arg>
<doc>Types the given ``text`` into the text field identified by ``locator``.</doc>
<msg timestamp="20230605 16:09:01.931" level="INFO">Typing text 'Tiago' into text field 'id:form-nome'.</msg>
<status status="PASS" starttime="20230605 16:09:01.930" endtime="20230605 16:09:02.089"/>
</kw>
<kw name="Input Text" library="SeleniumLibrary">
<arg>${CAMPO_CARGO}</arg>
<arg>Dev</arg>
<doc>Types the given ``text`` into the text field identified by ``locator``.</doc>
<msg timestamp="20230605 16:09:02.090" level="INFO">Typing text 'Dev' into text field 'id:form-cargo'.</msg>
<status status="PASS" starttime="20230605 16:09:02.089" endtime="20230605 16:09:02.190"/>
</kw>
<kw name="Input Text" library="SeleniumLibrary">
<arg>${CAMPO_IMAGEM}</arg>
<arg>https://picsum.photos/200/300</arg>
<doc>Types the given ``text`` into the text field identified by ``locator``.</doc>
<msg timestamp="20230605 16:09:02.193" level="INFO">Typing text 'https://picsum.photos/200/300' into text field 'id:form-imagem'.</msg>
<status status="PASS" starttime="20230605 16:09:02.191" endtime="20230605 16:09:02.352"/>
</kw>
<kw name="Click Element" library="SeleniumLibrary">
<arg>${CAMPO_TIME}</arg>
<doc>Click the element identified by ``locator``.</doc>
<msg timestamp="20230605 16:09:02.353" level="INFO">Clicking element 'class:lista-suspensa'.</msg>
<status status="PASS" starttime="20230605 16:09:02.352" endtime="20230605 16:09:02.413"/>
</kw>
<kw name="Click Element" library="SeleniumLibrary">
<arg>${OPCAO_PROGRAMACAO}</arg>
<doc>Click the element identified by ``locator``.</doc>
<msg timestamp="20230605 16:09:02.414" level="INFO">Clicking element '//option[contains(.,'Programação')]'.</msg>
<status status="PASS" starttime="20230605 16:09:02.413" endtime="20230605 16:09:02.454"/>
</kw>
<status status="PASS" starttime="20230605 16:09:01.929" endtime="20230605 16:09:02.455"/>
</kw>
<kw name="E clique no botão criar card">
<kw name="Click Element" library="SeleniumLibrary">
<arg>id:form-botao</arg>
<doc>Click the element identified by ``locator``.</doc>
<msg timestamp="20230605 16:09:02.460" level="INFO">Clicking element 'id:form-botao'.</msg>
<status status="PASS" starttime="20230605 16:09:02.459" endtime="20230605 16:09:02.544"/>
</kw>
<status status="PASS" starttime="20230605 16:09:02.457" endtime="20230605 16:09:02.545"/>
</kw>
<kw name="Então identificar 3 card no time esperado">
<for flavor="IN RANGE">
<var>${i}</var>
<value>1</value>
<value>3</value>
<iter>
<var name="${i}">1</var>
<kw name="Dado que preencha os campos do formulario">
<kw name="Input Text" library="SeleniumLibrary">
<arg>${CAMPO_NOME}</arg>
<arg>Tiago</arg>
<doc>Types the given ``text`` into the text field identified by ``locator``.</doc>
<msg timestamp="20230605 16:09:02.549" level="INFO">Typing text 'Tiago' into text field 'id:form-nome'.</msg>
<status status="PASS" starttime="20230605 16:09:02.548" endtime="20230605 16:09:02.647"/>
</kw>
<kw name="Input Text" library="SeleniumLibrary">
<arg>${CAMPO_CARGO}</arg>
<arg>Dev</arg>
<doc>Types the given ``text`` into the text field identified by ``locator``.</doc>
<msg timestamp="20230605 16:09:02.649" level="INFO">Typing text 'Dev' into text field 'id:form-cargo'.</msg>
<status status="PASS" starttime="20230605 16:09:02.648" endtime="20230605 16:09:02.727"/>
</kw>
<kw name="Input Text" library="SeleniumLibrary">
<arg>${CAMPO_IMAGEM}</arg>
<arg>https://picsum.photos/200/300</arg>
<doc>Types the given ``text`` into the text field identified by ``locator``.</doc>
<msg timestamp="20230605 16:09:02.728" level="INFO">Typing text 'https://picsum.photos/200/300' into text field 'id:form-imagem'.</msg>
<status status="PASS" starttime="20230605 16:09:02.727" endtime="20230605 16:09:02.880"/>
</kw>
<kw name="Click Element" library="SeleniumLibrary">
<arg>${CAMPO_TIME}</arg>
<doc>Click the element identified by ``locator``.</doc>
<msg timestamp="20230605 16:09:02.881" level="INFO">Clicking element 'class:lista-suspensa'.</msg>
<status status="PASS" starttime="20230605 16:09:02.880" endtime="20230605 16:09:02.947"/>
</kw>
<kw name="Click Element" library="SeleniumLibrary">
<arg>${OPCAO_PROGRAMACAO}</arg>
<doc>Click the element identified by ``locator``.</doc>
<msg timestamp="20230605 16:09:02.951" level="INFO">Clicking element '//option[contains(.,'Programação')]'.</msg>
<status status="PASS" starttime="20230605 16:09:02.949" endtime="20230605 16:09:02.995"/>
</kw>
<status status="PASS" starttime="20230605 16:09:02.547" endtime="20230605 16:09:02.996"/>
</kw>
<kw name="E clique no botão criar card">
<kw name="Click Element" library="SeleniumLibrary">
<arg>id:form-botao</arg>
<doc>Click the element identified by ``locator``.</doc>
<msg timestamp="20230605 16:09:02.998" level="INFO">Clicking element 'id:form-botao'.</msg>
<status status="PASS" starttime="20230605 16:09:02.998" endtime="20230605 16:09:03.076"/>
</kw>
<status status="PASS" starttime="20230605 16:09:02.996" endtime="20230605 16:09:03.076"/>
</kw>
<status status="PASS" starttime="20230605 16:09:02.547" endtime="20230605 16:09:03.077"/>
</iter>
<iter>
<var name="${i}">2</var>
<kw name="Dado que preencha os campos do formulario">
<kw name="Input Text" library="SeleniumLibrary">
<arg>${CAMPO_NOME}</arg>
<arg>Tiago</arg>
<doc>Types the given ``text`` into the text field identified by ``locator``.</doc>
<msg timestamp="20230605 16:09:03.078" level="INFO">Typing text 'Tiago' into text field 'id:form-nome'.</msg>
<status status="PASS" starttime="20230605 16:09:03.078" endtime="20230605 16:09:03.163"/>
</kw>
<kw name="Input Text" library="SeleniumLibrary">
<arg>${CAMPO_CARGO}</arg>
<arg>Dev</arg>
<doc>Types the given ``text`` into the text field identified by ``locator``.</doc>
<msg timestamp="20230605 16:09:03.164" level="INFO">Typing text 'Dev' into text field 'id:form-cargo'.</msg>
<status status="PASS" starttime="20230605 16:09:03.163" endtime="20230605 16:09:03.242"/>
</kw>
<kw name="Input Text" library="SeleniumLibrary">
<arg>${CAMPO_IMAGEM}</arg>
<arg>https://picsum.photos/200/300</arg>
<doc>Types the given ``text`` into the text field identified by ``locator``.</doc>
<msg timestamp="20230605 16:09:03.244" level="INFO">Typing text 'https://picsum.photos/200/300' into text field 'id:form-imagem'.</msg>
<status status="PASS" starttime="20230605 16:09:03.243" endtime="20230605 16:09:03.377"/>
</kw>
<kw name="Click Element" library="SeleniumLibrary">
<arg>${CAMPO_TIME}</arg>
<doc>Click the element identified by ``locator``.</doc>
<msg timestamp="20230605 16:09:03.378" level="INFO">Clicking element 'class:lista-suspensa'.</msg>
<status status="PASS" starttime="20230605 16:09:03.377" endtime="20230605 16:09:03.427"/>
</kw>
<kw name="Click Element" library="SeleniumLibrary">
<arg>${OPCAO_PROGRAMACAO}</arg>
<doc>Click the element identified by ``locator``.</doc>
<msg timestamp="20230605 16:09:03.428" level="INFO">Clicking element '//option[contains(.,'Programação')]'.</msg>
<status status="PASS" starttime="20230605 16:09:03.428" endtime="20230605 16:09:03.461"/>
</kw>
<status status="PASS" starttime="20230605 16:09:03.077" endtime="20230605 16:09:03.461"/>
</kw>
<kw name="E clique no botão criar card">
<kw name="Click Element" library="SeleniumLibrary">
<arg>id:form-botao</arg>
<doc>Click the element identified by ``locator``.</doc>
<msg timestamp="20230605 16:09:03.463" level="INFO">Clicking element 'id:form-botao'.</msg>
<status status="PASS" starttime="20230605 16:09:03.462" endtime="20230605 16:09:03.515"/>
</kw>
<status status="PASS" starttime="20230605 16:09:03.462" endtime="20230605 16:09:03.515"/>
</kw>
<status status="PASS" starttime="20230605 16:09:03.077" endtime="20230605 16:09:03.516"/>
</iter>
<status status="PASS" starttime="20230605 16:09:02.546" endtime="20230605 16:09:03.516"/>
</for>
<kw name="Sleep" library="BuiltIn">
<arg>10s</arg>
<doc>Pauses the test executed for the given time.</doc>
<msg timestamp="20230605 16:09:13.527" level="INFO">Slept 10 seconds</msg>
<status status="PASS" starttime="20230605 16:09:03.516" endtime="20230605 16:09:13.527"/>
</kw>
<status status="PASS" starttime="20230605 16:09:02.545" endtime="20230605 16:09:13.528"/>
</kw>
<kw name="Fechar o navegador" library="setup_teardown" type="TEARDOWN">
<kw name="Close Browser" library="SeleniumLibrary">
<doc>Closes the current browser.</doc>
<status status="PASS" starttime="20230605 16:09:13.530" endtime="20230605 16:09:15.880"/>
</kw>
<status status="PASS" starttime="20230605 16:09:13.529" endtime="20230605 16:09:15.881"/>
</kw>
<status status="PASS" starttime="20230605 16:08:59.754" endtime="20230605 16:09:15.883"/>
</test>
<status status="PASS" starttime="20230605 16:08:59.204" endtime="20230605 16:09:15.888"/>
</suite>
<statistics>
<total>
<stat pass="1" fail="0" skip="0">All Tests</stat>
</total>
<tag>
</tag>
<suite>
<stat pass="1" fail="0" skip="0" id="s1" name="Preenchimento Correto">Preenchimento Correto</stat>
</suite>
</statistics>
<errors>
</errors>
</robot>
